<?xml version="1.0" encoding="UTF-8"?>
<!-- Generated by org.testng.reporters.JUnitXMLReporter -->
<testsuite hostname="Jagadeesh2" ignored="0" name="Default test" tests="6" failures="0" timestamp="2021-10-02T13:20:23 IST" time="54.534" errors="0">
  <testcase name="home_Page" time="4.451" classname="org.testng_runner.TestNG_Runner"/>
  <testcase name="search_Hotel" time="6.137" classname="org.testng_runner.TestNG_Runner"/>
  <testcase name="select_Hotel" time="2.243" classname="org.testng_runner.TestNG_Runner"/>
  <testcase name="book_Now" time="4.266" classname="org.testng_runner.TestNG_Runner"/>
  <testcase name="booking_Confirm" time="7.951" classname="org.testng_runner.TestNG_Runner"/>
  <testcase name="iteinerary" time="1.268" classname="org.testng_runner.TestNG_Runner"/>
</testsuite> <!-- Default test -->
